#
# A fatal error has been detected by the Java Runtime Environment:
#
#  SIGBUS (0xa) at pc=0x000000010b835563, pid=67591, tid=0x000000000001500f
#
# JRE version: OpenJDK Runtime Environment (8.0_202) (build 1.8.0_202-release-1483-b49-5587405)
# Java VM: OpenJDK 64-Bit Server VM (25.202-b49-5587405 mixed mode bsd-amd64 compressed oops)
# Problematic frame:
# j  java.util.ResourceBundle.findBundle(Ljava/util/ResourceBundle$CacheKey;Ljava/util/List;Ljava/util/List;ILjava/util/ResourceBundle$Control;Ljava/util/ResourceBundle;)Ljava/util/ResourceBundle;+0
#
# Failed to write core dump. Core dumps have been disabled. To enable core dumping, try "ulimit -c unlimited" before starting Java again
#
# If you would like to submit a bug report, please visit:
#   http://bugreport.java.com/bugreport/crash.jsp
#

---------------  T H R E A D  ---------------

Current thread (0x00007ffafec03800):  JavaThread "Execution worker for ':' Thread 3" [_thread_in_Java, id=86031, stack(0x000070000874b000,0x000070000884b000)]

siginfo: si_signo: 10 (SIGBUS), si_code: 2 (BUS_ADRERR), si_addr: 0x0000000107f0bd98

Registers:
RAX=0x0000000107f0bd90, RBX=0x0000000107f01eb0, RCX=0x0000000000000006, RDX=0x0000000107f02de0
RSP=0x00007000088473b8, RBP=0x00007000088473f8, RSI=0x0000700008847410, RDI=0x0000000000000003
R8 =0x00000000f8002258, R9 =0x00000007b2c27f60, R10=0x00000001036275f0, R11=0x0000000100537000
R12=0x0000000000000000, R13=0x0000000107f01d10, R14=0x0000700008847470, R15=0x00007ffafec03800
RIP=0x000000010b835563, EFLAGS=0x0000000000010206, ERR=0x0000000000000004
  TRAPNO=0x000000000000000e

Top of Stack: (sp=0x00007000088473b8)
0x00007000088473b8:   00007000088473b8 0000000107f01d10
0x00007000088473c8:   0000700008847470 0000000107f02de0
0x00007000088473d8:   0000000000000000 0000000107f01eb0
0x00007000088473e8:   0000000000000000 0000700008847448
0x00007000088473f8:   00007000088474b8 000000010b829d80
0x0000700008847408:   0000000000000000 0000000000000000
0x0000700008847418:   0000000000000000 0000000000000000
0x0000700008847428:   0000000000000000 0000000000000000
0x0000700008847438:   0000000000000000 0000000000000000
0x0000700008847448:   0000000000000000 00000007601c2dd0
0x0000700008847458:   0000000000000000 00000007601bf160
0x0000700008847468:   00000007b2c27f48 00000007b2c27ef0
0x0000700008847478:   0000700008847478 0000000107f01a6b
0x0000700008847488:   0000700008847528 0000000107f02de0
0x0000700008847498:   0000000000000000 0000000107f01b20
0x00007000088474a8:   0000700008847448 0000700008847510
0x00007000088474b8:   0000700008847570 000000010b829d80
0x00007000088474c8:   0000000000000000 00000007b2c27f48
0x00007000088474d8:   0000000760351b90 0000000000000000
0x00007000088474e8:   00000007601bf160 0000000000000001
0x00007000088474f8:   0000000000000000 00000007601c0a48
0x0000700008847508:   00000007b2c27ef0 00000007601c2dd0
0x0000700008847518:   000000076020efd8 0000000760351b90
0x0000700008847528:   0000000761fbd388 0000700008847530
0x0000700008847538:   0000000107f01614 0000700008847588
0x0000700008847548:   0000000107f02de0 0000000000000000
0x0000700008847558:   0000000107f01630 0000700008847510
0x0000700008847568:   0000700008847580 00007000088475d0
0x0000700008847578:   000000010b829d80 0000000760351b90
0x0000700008847588:   0000000761fbd388 0000700008847590
0x0000700008847598:   000000011e184b7c 0000700008847610
0x00007000088475a8:   000000011e185230 000000011e7932f0 

Instructions: (pc=0x000000010b835563)
0x000000010b835543:   84 05 00 00 00 e9 d3 ce fe ff 4c 8b 6d c8 4c 8b
0x000000010b835553:   75 d0 c3 48 8b 43 18 48 85 c0 0f 84 15 00 00 00
0x000000010b835563:   8b 48 08 83 c1 08 89 48 08 81 e1 f8 03 00 00 0f
0x000000010b835573:   84 cd 01 00 00 89 84 24 00 f0 ff ff 89 84 24 00 

Register to memory mapping:

RAX=
[error occurred during error reporting (printing register info), id 0xa]

Stack: [0x000070000874b000,0x000070000884b000],  sp=0x00007000088473b8,  free space=1008k
Native frames: (J=compiled Java code, j=interpreted, Vv=VM code, C=native code)
j  java.util.ResourceBundle.findBundle(Ljava/util/ResourceBundle$CacheKey;Ljava/util/List;Ljava/util/List;ILjava/util/ResourceBundle$Control;Ljava/util/ResourceBundle;)Ljava/util/ResourceBundle;+0
j  java.util.ResourceBundle.getBundleImpl(Ljava/lang/String;Ljava/util/Locale;Ljava/lang/ClassLoader;Ljava/util/ResourceBundle$Control;)Ljava/util/ResourceBundle;+187
j  java.util.ResourceBundle.getBundle(Ljava/lang/String;Ljava/util/Locale;)Ljava/util/ResourceBundle;+12
j  com.sun.tools.javac.util.JavacMessages.getBundles(Ljava/util/Locale;)Lcom/sun/tools/javac/util/List;+92
j  com.sun.tools.javac.util.JavacMessages.setCurrentLocale(Ljava/util/Locale;)V+11
j  com.sun.tools.javac.util.JavacMessages.<init>(Ljava/lang/String;Ljava/util/Locale;)V+29
j  com.sun.tools.javac.util.JavacMessages.<init>(Lcom/sun/tools/javac/util/Context;)V+12
j  com.sun.tools.javac.util.JavacMessages.instance(Lcom/sun/tools/javac/util/Context;)Lcom/sun/tools/javac/util/JavacMessages;+20
j  com.sun.tools.javac.util.JCDiagnostic$Factory.<init>(Lcom/sun/tools/javac/util/Context;)V+2
j  com.sun.tools.javac.util.JCDiagnostic$Factory.instance(Lcom/sun/tools/javac/util/Context;)Lcom/sun/tools/javac/util/JCDiagnostic$Factory;+20
j  com.sun.tools.javac.util.Log.<init>(Lcom/sun/tools/javac/util/Context;Ljava/io/PrintWriter;Ljava/io/PrintWriter;Ljava/io/PrintWriter;)V+2
j  com.sun.tools.javac.util.Log.<init>(Lcom/sun/tools/javac/util/Context;Ljava/io/PrintWriter;)V+5
j  com.sun.tools.javac.util.Log.<init>(Lcom/sun/tools/javac/util/Context;)V+6
j  com.sun.tools.javac.util.Log.instance(Lcom/sun/tools/javac/util/Context;)Lcom/sun/tools/javac/util/Log;+20
j  com.sun.tools.javac.util.BaseFileManager.setContext(Lcom/sun/tools/javac/util/Context;)V+2
j  com.sun.tools.javac.file.JavacFileManager.setContext(Lcom/sun/tools/javac/util/Context;)V+2
j  com.sun.tools.javac.file.JavacFileManager.<init>(Lcom/sun/tools/javac/util/Context;ZLjava/nio/charset/Charset;)V+42
j  com.sun.tools.javac.api.JavacTool.getStandardFileManager(Ljavax/tools/DiagnosticListener;Ljava/util/Locale;Ljava/nio/charset/Charset;)Lcom/sun/tools/javac/file/JavacFileManager;+86
j  com.sun.tools.javac.api.JavacTool.getStandardFileManager(Ljavax/tools/DiagnosticListener;Ljava/util/Locale;Ljava/nio/charset/Charset;)Ljavax/tools/StandardJavaFileManager;+4
j  org.gradle.api.internal.tasks.compile.JdkJavaCompiler.createCompileTask(Lorg/gradle/api/internal/tasks/compile/JavaCompileSpec;Lorg/gradle/api/internal/tasks/compile/JdkJavaCompilerResult;)Ljavax/tools/JavaCompiler$CompilationTask;+58
j  org.gradle.api.internal.tasks.compile.JdkJavaCompiler.execute(Lorg/gradle/api/internal/tasks/compile/JavaCompileSpec;)Lorg/gradle/api/tasks/WorkResult;+21
j  org.gradle.api.internal.tasks.compile.JdkJavaCompiler.execute(Lorg/gradle/language/base/internal/compile/CompileSpec;)Lorg/gradle/api/tasks/WorkResult;+5
j  org.gradle.api.internal.tasks.compile.NormalizingJavaCompiler.delegateAndHandleErrors(Lorg/gradle/api/internal/tasks/compile/JavaCompileSpec;)Lorg/gradle/api/tasks/WorkResult;+5
j  org.gradle.api.internal.tasks.compile.NormalizingJavaCompiler.execute(Lorg/gradle/api/internal/tasks/compile/JavaCompileSpec;)Lorg/gradle/api/tasks/WorkResult;+22
j  org.gradle.api.internal.tasks.compile.NormalizingJavaCompiler.execute(Lorg/gradle/language/base/internal/compile/CompileSpec;)Lorg/gradle/api/tasks/WorkResult;+5
j  org.gradle.api.internal.tasks.compile.AnnotationProcessorDiscoveringCompiler.execute(Lorg/gradle/api/internal/tasks/compile/JavaCompileSpec;)Lorg/gradle/api/tasks/WorkResult;+18
j  org.gradle.api.internal.tasks.compile.AnnotationProcessorDiscoveringCompiler.execute(Lorg/gradle/language/base/internal/compile/CompileSpec;)Lorg/gradle/api/tasks/WorkResult;+5
j  org.gradle.api.internal.tasks.compile.incremental.SelectiveCompiler.execute(Lorg/gradle/api/internal/tasks/compile/JavaCompileSpec;)Lorg/gradle/api/tasks/WorkResult;+143
j  org.gradle.api.internal.tasks.compile.incremental.SelectiveCompiler.execute(Lorg/gradle/language/base/internal/compile/CompileSpec;)Lorg/gradle/api/tasks/WorkResult;+5
j  org.gradle.api.internal.tasks.compile.incremental.IncrementalResultStoringCompiler.execute(Lorg/gradle/api/internal/tasks/compile/JavaCompileSpec;)Lorg/gradle/api/tasks/WorkResult;+5
j  org.gradle.api.internal.tasks.compile.incremental.IncrementalResultStoringCompiler.execute(Lorg/gradle/language/base/internal/compile/CompileSpec;)Lorg/gradle/api/tasks/WorkResult;+5
j  org.gradle.api.internal.tasks.compile.CompileJavaBuildOperationReportingCompiler$2.call(Lorg/gradle/internal/operations/BuildOperationContext;)Lorg/gradle/api/tasks/WorkResult;+11
j  org.gradle.api.internal.tasks.compile.CompileJavaBuildOperationReportingCompiler$2.call(Lorg/gradle/internal/operations/BuildOperationContext;)Ljava/lang/Object;+2
J 25550 C2 org.gradle.internal.operations.DefaultBuildOperationExecutor.execute(Lorg/gradle/internal/operations/BuildOperation;Lorg/gradle/internal/operations/BuildOperationWorker;Lorg/gradle/internal/operations/DefaultBuildOperationExecutor$BuildOperationState;)V (27 bytes) @ 0x000000010e282d64 [0x000000010e2823a0+0x9c4]
J 28113 C2 org.gradle.internal.operations.DefaultBuildOperationExecutor.call(Lorg/gradle/internal/operations/CallableBuildOperation;)Ljava/lang/Object; (38 bytes) @ 0x000000010fd6df4c [0x000000010fd6ddc0+0x18c]
J 29056 C2 org.gradle.internal.operations.DelegatingBuildOperationExecutor.call(Lorg/gradle/internal/operations/CallableBuildOperation;)Ljava/lang/Object; (11 bytes) @ 0x000000010c693ba8 [0x000000010c693b60+0x48]
j  org.gradle.api.internal.tasks.compile.CompileJavaBuildOperationReportingCompiler.execute(Lorg/gradle/api/internal/tasks/compile/JavaCompileSpec;)Lorg/gradle/api/tasks/WorkResult;+13
j  org.gradle.api.tasks.compile.JavaCompile.performCompilation(Lorg/gradle/api/internal/tasks/compile/JavaCompileSpec;Lorg/gradle/language/base/internal/compile/Compiler;)V+24
j  org.gradle.api.tasks.compile.JavaCompile.compile(Lorg/gradle/api/tasks/incremental/IncrementalTaskInputs;)V+45
j  com.android.build.gradle.tasks.AndroidJavaCompile.compile(Lorg/gradle/api/tasks/incremental/IncrementalTaskInputs;)V+1025
j  sun.reflect.GeneratedMethodAccessor668.invoke(Ljava/lang/Object;[Ljava/lang/Object;)Ljava/lang/Object;+40
J 30976 C2 org.gradle.internal.reflect.JavaMethod.invoke(Ljava/lang/Object;[Ljava/lang/Object;)Ljava/lang/Object; (74 bytes) @ 0x0000000110326d98 [0x0000000110326d00+0x98]
j  org.gradle.api.internal.project.taskfactory.IncrementalTaskInputsTaskAction.doExecute(Lorg/gradle/api/Task;Ljava/lang/String;)V+65
j  org.gradle.api.internal.project.taskfactory.StandardTaskAction.execute(Lorg/gradle/api/Task;)V+32
j  org.gradle.api.internal.project.taskfactory.AbstractIncrementalTaskAction.execute(Lorg/gradle/api/Task;)V+2
j  org.gradle.api.internal.project.taskfactory.StandardTaskAction.execute(Ljava/lang/Object;)V+5
j  org.gradle.api.internal.tasks.execution.ExecuteActionsTaskExecuter$5.run(Lorg/gradle/internal/operations/BuildOperationContext;)V+23
J 25550 C2 org.gradle.internal.operations.DefaultBuildOperationExecutor.execute(Lorg/gradle/internal/operations/BuildOperation;Lorg/gradle/internal/operations/BuildOperationWorker;Lorg/gradle/internal/operations/DefaultBuildOperationExecutor$BuildOperationState;)V (27 bytes) @ 0x000000010e282dc4 [0x000000010e2823a0+0xa24]
J 25369 C2 org.gradle.internal.operations.DefaultBuildOperationExecutor.run(Lorg/gradle/internal/operations/RunnableBuildOperation;)V (28 bytes) @ 0x000000010f6b922c [0x000000010f6b9100+0x12c]
J 35035 C2 org.gradle.internal.operations.DelegatingBuildOperationExecutor.run(Lorg/gradle/internal/operations/RunnableBuildOperation;)V (11 bytes) @ 0x000000010f9141a8 [0x000000010f914160+0x48]
j  org.gradle.api.internal.tasks.execution.ExecuteActionsTaskExecuter.executeAction(Ljava/lang/String;Lorg/gradle/api/internal/TaskInternal;Lorg/gradle/api/internal/tasks/InputChangesAwareTaskAction;Lorg/gradle/internal/execution/history/changes/InputChangesInternal;)V+28
j  org.gradle.api.internal.tasks.execution.ExecuteActionsTaskExecuter.executeActions(Lorg/gradle/api/internal/TaskInternal;Lorg/gradle/internal/execution/history/changes/InputChangesInternal;)V+71
j  org.gradle.api.internal.tasks.execution.ExecuteActionsTaskExecuter.access$200(Lorg/gradle/api/internal/tasks/execution/ExecuteActionsTaskExecuter;Lorg/gradle/api/internal/TaskInternal;Lorg/gradle/internal/execution/history/changes/InputChangesInternal;)V+3
j  org.gradle.api.internal.tasks.execution.ExecuteActionsTaskExecuter$TaskExecution.execute(Lorg/gradle/internal/execution/history/changes/InputChangesInternal;)Lorg/gradle/internal/execution/UnitOfWork$WorkResult;+52
j  org.gradle.internal.execution.steps.ExecuteStep.lambda$execute$0(Lorg/gradle/internal/execution/UnitOfWork;Lorg/gradle/internal/execution/history/changes/InputChangesInternal;)Lorg/gradle/internal/execution/ExecutionOutcome;+3
j  org.gradle.internal.execution.steps.ExecuteStep$$Lambda$405.apply(Ljava/lang/Object;)Ljava/lang/Object;+12
J 22323 C2 java.util.Optional.map(Ljava/util/function/Function;)Ljava/util/Optional; (30 bytes) @ 0x000000010b975dc0 [0x000000010b975d60+0x60]
j  org.gradle.internal.execution.steps.ExecuteStep.execute(Lorg/gradle/internal/execution/InputChangesContext;)Lorg/gradle/internal/execution/Result;+20
j  org.gradle.internal.execution.steps.ExecuteStep.execute(Lorg/gradle/internal/execution/Context;)Lorg/gradle/internal/execution/Result;+5
j  org.gradle.internal.execution.steps.CleanupOutputsStep.execute(Lorg/gradle/internal/execution/InputChangesContext;)Lorg/gradle/internal/execution/Result;+76
j  org.gradle.internal.execution.steps.CleanupOutputsStep.execute(Lorg/gradle/internal/execution/Context;)Lorg/gradle/internal/execution/Result;+5
j  org.gradle.internal.execution.steps.ResolveInputChangesStep.execute(Lorg/gradle/internal/execution/IncrementalChangesContext;)Lorg/gradle/internal/execution/Result;+50
j  org.gradle.internal.execution.steps.ResolveInputChangesStep.execute(Lorg/gradle/internal/execution/Context;)Lorg/gradle/internal/execution/Result;+5
j  org.gradle.internal.execution.steps.CancelExecutionStep.execute(Lorg/gradle/internal/execution/Context;)Lorg/gradle/internal/execution/Result;+5
j  org.gradle.internal.execution.steps.TimeoutStep.executeWithoutTimeout(Lorg/gradle/internal/execution/Context;)Lorg/gradle/internal/execution/Result;+5
j  org.gradle.internal.execution.steps.TimeoutStep.execute(Lorg/gradle/internal/execution/Context;)Lorg/gradle/internal/execution/Result;+97
J 36142 C1 org.gradle.internal.execution.steps.CatchExceptionStep.execute(Lorg/gradle/internal/execution/Context;)Lorg/gradle/internal/execution/Result; (22 bytes) @ 0x000000011116f574 [0x000000011116f460+0x114]
j  org.gradle.internal.execution.steps.CreateOutputsStep.execute(Lorg/gradle/internal/execution/Context;)Lorg/gradle/internal/execution/Result;+24
j  org.gradle.internal.execution.steps.SnapshotOutputsStep.execute(Lorg/gradle/internal/execution/Context;)Lorg/gradle/internal/execution/CurrentSnapshotResult;+5
j  org.gradle.internal.execution.steps.SnapshotOutputsStep.execute(Lorg/gradle/internal/execution/Context;)Lorg/gradle/internal/execution/Result;+2
j  org.gradle.internal.execution.steps.CacheStep.executeWithoutCache(Lorg/gradle/internal/execution/IncrementalChangesContext;)Lorg/gradle/internal/execution/CurrentSnapshotResult;+5
j  org.gradle.internal.execution.steps.CacheStep.execute(Lorg/gradle/internal/execution/IncrementalChangesContext;)Lorg/gradle/internal/execution/CurrentSnapshotResult;+41
j  org.gradle.internal.execution.steps.CacheStep.execute(Lorg/gradle/internal/execution/Context;)Lorg/gradle/internal/execution/Result;+5
j  org.gradle.internal.execution.steps.BroadcastChangingOutputsStep.execute(Lorg/gradle/internal/execution/Context;)Lorg/gradle/internal/execution/Result;+45
j  org.gradle.internal.execution.steps.StoreSnapshotsStep.execute(Lorg/gradle/internal/execution/IncrementalContext;)Lorg/gradle/internal/execution/CurrentSnapshotResult;+5
j  org.gradle.internal.execution.steps.StoreSnapshotsStep.execute(Lorg/gradle/internal/execution/Context;)Lorg/gradle/internal/execution/Result;+5
J 36140 C1 org.gradle.internal.execution.steps.RecordOutputsStep.execute(Lorg/gradle/internal/execution/Context;)Lorg/gradle/internal/execution/Result; (6 bytes) @ 0x00000001111704ec [0x0000000111170380+0x16c]
J 36139 C1 org.gradle.internal.execution.steps.SkipUpToDateStep.executeBecause(Lcom/google/common/collect/ImmutableList;Lorg/gradle/internal/execution/IncrementalChangesContext;)Lorg/gradle/internal/execution/UpToDateResult; (36 bytes) @ 0x0000000111170efc [0x0000000111170d00+0x1fc]
J 29481 C2 org.gradle.internal.execution.steps.ResolveCachingStateStep.execute(Lorg/gradle/internal/execution/Context;)Lorg/gradle/internal/execution/Result; (9 bytes) @ 0x000000011009e9f8 [0x000000011009dda0+0xc58]
J 30699 C1 org.gradle.api.internal.tasks.execution.ExecuteActionsTaskExecuter.execute(Lorg/gradle/api/internal/TaskInternal;Lorg/gradle/api/internal/tasks/TaskStateInternal;Lorg/gradle/api/internal/tasks/TaskExecutionContext;)Lorg/gradle/api/internal/tasks/TaskExecuterResult; (81 bytes) @ 0x000000010dde7074 [0x000000010dde6c60+0x414]
J 30697 C1 org.gradle.api.internal.tasks.execution.ResolveBeforeExecutionStateTaskExecuter.execute(Lorg/gradle/api/internal/TaskInternal;Lorg/gradle/api/internal/tasks/TaskStateInternal;Lorg/gradle/api/internal/tasks/TaskExecutionContext;)Lorg/gradle/api/internal/tasks/TaskExecuterResult; (54 bytes) @ 0x000000010c1eccdc [0x000000010c1ec880+0x45c]
J 30695 C1 org.gradle.api.internal.tasks.execution.ValidatingTaskExecuter.execute(Lorg/gradle/api/internal/TaskInternal;Lorg/gradle/api/internal/tasks/TaskStateInternal;Lorg/gradle/api/internal/tasks/TaskExecutionContext;)Lorg/gradle/api/internal/tasks/TaskExecuterResult; (106 bytes) @ 0x000000010c739b14 [0x000000010c738a40+0x10d4]
J 34033 C1 org.gradle.api.internal.tasks.execution.SkipEmptySourceFilesTaskExecuter.execute(Lorg/gradle/api/internal/TaskInternal;Lorg/gradle/api/internal/tasks/TaskStateInternal;Lorg/gradle/api/internal/tasks/TaskExecutionContext;)Lorg/gradle/api/internal/tasks/TaskExecuterResult; (298 bytes) @ 0x000000010e350f2c [0x000000010e34e000+0x2f2c]
J 34031 C1 org.gradle.api.internal.tasks.execution.ResolveBeforeExecutionOutputsTaskExecuter.execute(Lorg/gradle/api/internal/TaskInternal;Lorg/gradle/api/internal/tasks/TaskStateInternal;Lorg/gradle/api/internal/tasks/TaskExecutionContext;)Lorg/gradle/api/internal/tasks/TaskExecuterResult; (95 bytes) @ 0x000000010e92976c [0x000000010e928e60+0x90c]
J 34029 C1 org.gradle.api.internal.tasks.execution.ResolveAfterPreviousExecutionStateTaskExecuter.execute(Lorg/gradle/api/internal/TaskInternal;Lorg/gradle/api/internal/tasks/TaskStateInternal;Lorg/gradle/api/internal/tasks/TaskExecutionContext;)Lorg/gradle/api/internal/tasks/TaskExecuterResult; (40 bytes) @ 0x000000010e34cc3c [0x000000010e34bf80+0xcbc]
J 34028 C1 org.gradle.api.internal.tasks.execution.CleanupStaleOutputsExecuter.execute(Lorg/gradle/api/internal/TaskInternal;Lorg/gradle/api/internal/tasks/TaskStateInternal;Lorg/gradle/api/internal/tasks/TaskExecutionContext;)Lorg/gradle/api/internal/tasks/TaskExecuterResult; (194 bytes) @ 0x000000010e07fa94 [0x000000010e07df80+0x1b14]
J 25708 C1 org.gradle.api.internal.tasks.execution.FinalizePropertiesTaskExecuter.execute(Lorg/gradle/api/internal/TaskInternal;Lorg/gradle/api/internal/tasks/TaskStateInternal;Lorg/gradle/api/internal/tasks/TaskExecutionContext;)Lorg/gradle/api/internal/tasks/TaskExecuterResult; (168 bytes) @ 0x000000010ca8b464 [0x000000010ca8ae40+0x624]
J 29926 C1 org.gradle.api.internal.tasks.execution.ResolveTaskExecutionModeExecuter.execute(Lorg/gradle/api/internal/TaskInternal;Lorg/gradle/api/internal/tasks/TaskStateInternal;Lorg/gradle/api/internal/tasks/TaskExecutionContext;)Lorg/gradle/api/internal/tasks/TaskExecuterResult; (178 bytes) @ 0x000000010d4b4804 [0x000000010d4b33e0+0x1424]
J 28983 C1 org.gradle.api.internal.tasks.execution.SkipTaskWithNoActionsExecuter.execute(Lorg/gradle/api/internal/TaskInternal;Lorg/gradle/api/internal/tasks/TaskStateInternal;Lorg/gradle/api/internal/tasks/TaskExecutionContext;)Lorg/gradle/api/internal/tasks/TaskExecuterResult; (126 bytes) @ 0x000000010ffcfd8c [0x000000010ffcf8a0+0x4ec]
J 34110 C1 org.gradle.api.internal.tasks.execution.SkipOnlyIfTaskExecuter.execute(Lorg/gradle/api/internal/TaskInternal;Lorg/gradle/api/internal/tasks/TaskStateInternal;Lorg/gradle/api/internal/tasks/TaskExecutionContext;)Lorg/gradle/api/internal/tasks/TaskExecuterResult; (97 bytes) @ 0x000000010db30c3c [0x000000010db2f820+0x141c]
J 34109 C1 org.gradle.api.internal.tasks.execution.CatchExceptionTaskExecuter.execute(Lorg/gradle/api/internal/TaskInternal;Lorg/gradle/api/internal/tasks/TaskStateInternal;Lorg/gradle/api/internal/tasks/TaskExecutionContext;)Lorg/gradle/api/internal/tasks/TaskExecuterResult; (33 bytes) @ 0x000000010dbeb644 [0x000000010dbeb520+0x124]
J 33129 C1 org.gradle.api.internal.tasks.execution.EventFiringTaskExecuter$1.executeTask(Lorg/gradle/internal/operations/BuildOperationContext;)Lorg/gradle/api/internal/tasks/TaskExecuterResult; (233 bytes) @ 0x000000010dc1d7b4 [0x000000010dc1cf40+0x874]
J 33128 C1 org.gradle.api.internal.tasks.execution.EventFiringTaskExecuter$1.call(Lorg/gradle/internal/operations/BuildOperationContext;)Lorg/gradle/api/internal/tasks/TaskExecuterResult; (49 bytes) @ 0x000000010dc12014 [0x000000010dc11f80+0x94]
J 33127 C1 org.gradle.api.internal.tasks.execution.EventFiringTaskExecuter$1.call(Lorg/gradle/internal/operations/BuildOperationContext;)Ljava/lang/Object; (6 bytes) @ 0x000000010dc4efcc [0x000000010dc4ef40+0x8c]
J 25550 C2 org.gradle.internal.operations.DefaultBuildOperationExecutor.execute(Lorg/gradle/internal/operations/BuildOperation;Lorg/gradle/internal/operations/BuildOperationWorker;Lorg/gradle/internal/operations/DefaultBuildOperationExecutor$BuildOperationState;)V (27 bytes) @ 0x000000010e282d64 [0x000000010e2823a0+0x9c4]
J 28113 C2 org.gradle.internal.operations.DefaultBuildOperationExecutor.call(Lorg/gradle/internal/operations/CallableBuildOperation;)Ljava/lang/Object; (38 bytes) @ 0x000000010fd6df4c [0x000000010fd6ddc0+0x18c]
J 29056 C2 org.gradle.internal.operations.DelegatingBuildOperationExecutor.call(Lorg/gradle/internal/operations/CallableBuildOperation;)Ljava/lang/Object; (11 bytes) @ 0x000000010c693ba8 [0x000000010c693b60+0x48]
J 32112 C2 org.gradle.execution.plan.LocalTaskNodeExecutor.execute(Lorg/gradle/execution/plan/Node;Lorg/gradle/execution/ProjectExecutionServiceRegistry;)Z (116 bytes) @ 0x000000010d6af814 [0x000000010d6af4a0+0x374]
J 31232 C2 org.gradle.execution.taskgraph.DefaultTaskExecutionGraph$BuildOperationAwareExecutionAction.execute(Lorg/gradle/execution/plan/Node;)V (48 bytes) @ 0x000000011038ca90 [0x000000011038c6e0+0x3b0]
J 31231 C2 org.gradle.execution.plan.DefaultPlanExecutor$ExecutorWorker.executeNextNode(Lorg/gradle/internal/work/WorkerLeaseRegistry$WorkerLease;Lorg/gradle/api/Action;)Z (63 bytes) @ 0x000000011038694c [0x0000000110386680+0x2cc]
...<more frames>...


---------------  P R O C E S S  ---------------

Java Threads: ( => current thread )
  0x00007ffaf530d000 JavaThread "Cache worker for Java compile cache (/Users/avniahuja/Documents/GitHub/350S20-35/PennBuddies/.gradle/5.4.1/javaCompile)" [_thread_blocked, id=36199, stack(0x0000700008951000,0x0000700008a51000)]
  0x00007ffaf4a05800 JavaThread "Cache worker for execution history cache (/Users/avniahuja/Documents/GitHub/350S20-35/PennBuddies/.gradle/5.4.1/executionHistory)" [_thread_blocked, id=15883, stack(0x000070000884e000,0x000070000894e000)]
=>0x00007ffafec03800 JavaThread "Execution worker for ':' Thread 3" [_thread_in_Java, id=86031, stack(0x000070000874b000,0x000070000884b000)]
  0x00007ffafe8f0000 JavaThread "Execution worker for ':' Thread 2" [_thread_blocked, id=22631, stack(0x0000700008648000,0x0000700008748000)]
  0x00007ffafceb4800 JavaThread "Execution worker for ':'" [_thread_blocked, id=37651, stack(0x0000700008545000,0x0000700008645000)]
  0x00007ffafc5cd800 JavaThread "Cache worker for file content cache (/Users/avniahuja/Documents/GitHub/350S20-35/PennBuddies/.gradle/5.4.1/fileContent)" [_thread_blocked, id=38231, stack(0x0000700008442000,0x0000700008542000)]
  0x00007ffafc40b000 JavaThread "Cache worker for Build Output Cleanup Cache (/Users/avniahuja/Documents/GitHub/350S20-35/PennBuddies/.gradle/buildOutputCleanup)" [_thread_blocked, id=40579, stack(0x0000700008139000,0x0000700008239000)]
  0x00007ffaf723a800 JavaThread "Build operations Thread 4" [_thread_blocked, id=39259, stack(0x0000700008036000,0x0000700008136000)]
  0x00007ffaf517c000 JavaThread "Build operations Thread 3" [_thread_blocked, id=22127, stack(0x0000700007f33000,0x0000700008033000)]
  0x00007ffafce7e000 JavaThread "Build operations Thread 2" [_thread_blocked, id=41991, stack(0x0000700007e30000,0x0000700007f30000)]
  0x00007ffaf767b000 JavaThread "Build operations" [_thread_blocked, id=33623, stack(0x0000700007d2d000,0x0000700007e2d000)]
  0x00007ffaf971f000 JavaThread "Cache worker for cache directory md-rule (/Users/avniahuja/.gradle/caches/5.4.1/md-rule)" [_thread_blocked, id=31591, stack(0x0000700007b27000,0x0000700007c27000)]
  0x00007ffaf739f800 JavaThread "Cache worker for cache directory md-supplier (/Users/avniahuja/.gradle/caches/5.4.1/md-supplier)" [_thread_blocked, id=85607, stack(0x0000700007a24000,0x0000700007b24000)]
  0x00007ffafef6a800 JavaThread "Cache worker for file hash cache (/Users/avniahuja/Documents/GitHub/350S20-35/PennBuddies/.gradle/5.4.1/fileHashes)" [_thread_blocked, id=40283, stack(0x0000700007921000,0x0000700007a21000)]
  0x00007ffafeb44800 JavaThread "Thread-759" [_thread_blocked, id=37907, stack(0x0000700007515000,0x0000700007615000)]
  0x00007ffaf43e3800 JavaThread "Stdin handler" [_thread_blocked, id=41335, stack(0x0000700007412000,0x0000700007512000)]
  0x00007ffafcc93800 JavaThread "Asynchronous log dispatcher for DefaultDaemonConnection: socket connection from /127.0.0.1:63599 to /127.0.0.1:54205" [_thread_blocked, id=32091, stack(0x000070000730f000,0x000070000740f000)]
  0x00007ffafe847000 JavaThread "Daemon worker Thread 20" [_thread_blocked, id=24891, stack(0x000070000720c000,0x000070000730c000)]
  0x00007ffafee65000 JavaThread "Cancel handler" [_thread_blocked, id=84303, stack(0x0000700007109000,0x0000700007209000)]
  0x00007ffaf9472800 JavaThread "Handler for socket connection from /127.0.0.1:63599 to /127.0.0.1:54205" [_thread_in_native, id=4187, stack(0x0000700007006000,0x0000700007106000)]
  0x00007ffaf57ce800 JavaThread "Daemon Thread 20" [_thread_blocked, id=15439, stack(0x0000700006f03000,0x0000700007003000)]
  0x00007ffaf9ac0800 JavaThread "Cache worker for Java compile cache (/Users/avniahuja/.gradle/caches/5.4.1/javaCompile)" [_thread_blocked, id=33027, stack(0x00007000096a3000,0x00007000097a3000)]
  0x00007ffaf740e800 JavaThread "Cache worker for file content cache (/Users/avniahuja/.gradle/caches/5.4.1/fileContent)" [_thread_blocked, id=25351, stack(0x000070000833f000,0x000070000843f000)]
  0x00007ffaf4fee000 JavaThread "Memory manager" [_thread_blocked, id=39683, stack(0x000070000823c000,0x000070000833c000)]
  0x00007ffaf47bb800 JavaThread "Cache worker for execution history cache (/Users/avniahuja/.gradle/caches/5.4.1/executionHistory)" [_thread_blocked, id=41731, stack(0x0000700007c2a000,0x0000700007d2a000)]
  0x00007ffaf4f19800 JavaThread "Cache worker for journal cache (/Users/avniahuja/.gradle/caches/journal-1)" [_thread_blocked, id=42243, stack(0x000070000781e000,0x000070000791e000)]
  0x00007ffaf4022000 JavaThread "File lock request listener" [_thread_in_native, id=23811, stack(0x000070000771b000,0x000070000781b000)]
  0x00007ffaf4154000 JavaThread "Cache worker for file hash cache (/Users/avniahuja/.gradle/caches/5.4.1/fileHashes)" [_thread_blocked, id=42499, stack(0x0000700007618000,0x0000700007718000)]
  0x00007ffaf5371800 JavaThread "Daemon periodic checks" [_thread_blocked, id=15107, stack(0x0000700006e00000,0x0000700006f00000)]
  0x00007ffaf4021000 JavaThread "Incoming local TCP Connector on port 63599" [_thread_in_native, id=14595, stack(0x0000700006cfd000,0x0000700006dfd000)]
  0x00007ffaf5273000 JavaThread "Daemon health stats" [_thread_blocked, id=16643, stack(0x0000700006bfa000,0x0000700006cfa000)]
  0x00007ffaf5064000 JavaThread "Service Thread" daemon [_thread_blocked, id=13827, stack(0x00007000069f4000,0x0000700006af4000)]
  0x00007ffaf5031000 JavaThread "C1 CompilerThread2" daemon [_thread_in_vm, id=13571, stack(0x00007000068f1000,0x00007000069f1000)]
  0x00007ffaf4032800 JavaThread "C2 CompilerThread1" daemon [_thread_in_native, id=13059, stack(0x00007000067ee000,0x00007000068ee000)]
  0x00007ffaf4030800 JavaThread "C2 CompilerThread0" daemon [_thread_blocked, id=17923, stack(0x00007000066eb000,0x00007000067eb000)]
  0x00007ffaf4030000 JavaThread "Signal Dispatcher" daemon [_thread_blocked, id=18435, stack(0x00007000065e8000,0x00007000066e8000)]
  0x00007ffaf5057800 JavaThread "Finalizer" daemon [_thread_blocked, id=11523, stack(0x00007000064e5000,0x00007000065e5000)]
  0x00007ffaf4014800 JavaThread "Reference Handler" daemon [_thread_blocked, id=20227, stack(0x00007000063e2000,0x00007000064e2000)]
  0x00007ffaf4801000 JavaThread "main" [_thread_blocked, id=9731, stack(0x0000700005dd0000,0x0000700005ed0000)]

Other Threads:
  0x00007ffaf5052800 VMThread [stack: 0x00007000062df000,0x00007000063df000] [id=11267]
  0x00007ffaf404b000 WatcherThread [stack: 0x0000700006af7000,0x0000700006bf7000] [id=14083]

VM state:not at safepoint (normal execution)

VM Mutex/Monitor currently owned by a thread: None

heap address: 0x0000000760000000, size: 1536 MB, Compressed Oops mode: Zero based, Oop shift amount: 3
Narrow klass base: 0x0000000000000000, Narrow klass shift: 3
Compressed class space size: 1073741824 Address: 0x00000007c0000000

Heap:
 PSYoungGen      total 423424K, used 349665K [0x00000007a0000000, 0x00000007bfe00000, 0x00000007c0000000)
  eden space 322560K, 95% used [0x00000007a0000000,0x00000007b2c65d48,0x00000007b3b00000)
  from space 100864K, 41% used [0x00000007b3b00000,0x00000007b6412a18,0x00000007b9d80000)
  to   space 96768K, 0% used [0x00000007b9f80000,0x00000007b9f80000,0x00000007bfe00000)
 ParOldGen       total 316416K, used 181202K [0x0000000760000000, 0x0000000773500000, 0x00000007a0000000)
  object space 316416K, 57% used [0x0000000760000000,0x000000076b0f4a28,0x0000000773500000)
 Metaspace       used 102121K, capacity 108950K, committed 109336K, reserved 1144832K
  class space    used 12779K, capacity 13946K, committed 14120K, reserved 1048576K

Card table byte_map: [0x0000000104037000,0x0000000104338000] byte_map_base: 0x0000000100537000

Marking Bits: (ParMarkBitMap*) 0x000000010361bf78
 Begin Bits: [0x0000000104538000, 0x0000000105d38000)
 End Bits:   [0x0000000105d38000, 0x0000000107538000)

Polling page: 0x0000000102504000

CodeCache: size=245760Kb used=90579Kb max_used=91392Kb free=155180Kb
 bounds [0x000000010b822000, 0x0000000111202000, 0x000000011a822000]
 total_blobs=25013 nmethods=24124 adapters=802
 compilation: enabled

Compilation events (10 events):
Event: 13419.024 Thread 0x00007ffaf5031000 36273 %     3       org.gradle.internal.util.Alignment::align @ 63 (441 bytes)
Event: 13419.031 Thread 0x00007ffaf5031000 nmethod 36273% 0x000000010d9a3e50 code [0x000000010d9a4200, 0x000000010d9a6178]
Event: 13421.294 Thread 0x00007ffaf5031000 36274       3       org.objectweb.asm.MethodVisitor::visitLabel (16 bytes)
Event: 13421.457 Thread 0x00007ffaf5031000 nmethod 36274 0x000000010e46d590 code [0x000000010e46d700, 0x000000010e46d968]
Event: 13421.537 Thread 0x00007ffaf4030800 36275       4       org.objectweb.asm.ClassReader::readCode (5089 bytes)
Event: 13422.369 Thread 0x00007ffaf4032800 36276   !   4       org.gradle.api.internal.tasks.compile.incremental.classpath.DefaultClasspathEntrySnapshotter$EntryVisitor::visitFile (144 bytes)
Event: 13422.570 Thread 0x00007ffaf5031000 36278       3       org.gradle.api.internal.file.collections.DirectoryFileTree::filter (39 bytes)
Event: 13422.652 Thread 0x00007ffaf4030800 nmethod 36275 0x000000010e3b3ad0 code [0x000000010e3b4740, 0x000000010e3bbe58]
Event: 13422.654 Thread 0x00007ffaf5031000 nmethod 36278 0x000000010e0eab50 code [0x000000010e0ead40, 0x000000010e0eb818]
Event: 13422.654 Thread 0x00007ffaf4030800 36284       4       java.lang.Integer::parseInt (7 bytes)

GC Heap History (10 events):
Event: 13285.076 GC heap before
{Heap before GC invocations=76 (full 8):
 PSYoungGen      total 412672K, used 314224K [0x00000007a0000000, 0x00000007bfd80000, 0x00000007c0000000)
  eden space 306688K, 100% used [0x00000007a0000000,0x00000007b2b80000,0x00000007b2b80000)
  from space 105984K, 7% used [0x00000007b2b80000,0x00000007b32dc260,0x00000007b9300000)
  to   space 102912K, 0% used [0x00000007b9900000,0x00000007b9900000,0x00000007bfd80000)
 ParOldGen       total 364032K, used 292672K [0x0000000760000000, 0x0000000776380000, 0x00000007a0000000)
  object space 364032K, 80% used [0x0000000760000000,0x0000000771dd0010,0x0000000776380000)
 Metaspace       used 102037K, capacity 108916K, committed 109336K, reserved 1144832K
  class space    used 12776K, capacity 13941K, committed 14120K, reserved 1048576K
Event: 13285.233 GC heap after
Heap after GC invocations=76 (full 8):
 PSYoungGen      total 404480K, used 25567K [0x00000007a0000000, 0x00000007bf000000, 0x00000007c0000000)
  eden space 315392K, 0% used [0x00000007a0000000,0x00000007a0000000,0x00000007b3400000)
  from space 89088K, 28% used [0x00000007b9900000,0x00000007bb1f7c60,0x00000007bf000000)
  to   space 96256K, 0% used [0x00000007b3400000,0x00000007b3400000,0x00000007b9200000)
 ParOldGen       total 364032K, used 296223K [0x0000000760000000, 0x0000000776380000, 0x00000007a0000000)
  object space 364032K, 81% used [0x0000000760000000,0x0000000772147e10,0x0000000776380000)
 Metaspace       used 102037K, capacity 108916K, committed 109336K, reserved 1144832K
  class space    used 12776K, capacity 13941K, committed 14120K, reserved 1048576K
}
Event: 13285.757 GC heap before
{Heap before GC invocations=77 (full 8):
 PSYoungGen      total 404480K, used 340959K [0x00000007a0000000, 0x00000007bf000000, 0x00000007c0000000)
  eden space 315392K, 100% used [0x00000007a0000000,0x00000007b3400000,0x00000007b3400000)
  from space 89088K, 28% used [0x00000007b9900000,0x00000007bb1f7c60,0x00000007bf000000)
  to   space 96256K, 0% used [0x00000007b3400000,0x00000007b3400000,0x00000007b9200000)
 ParOldGen       total 364032K, used 296223K [0x0000000760000000, 0x0000000776380000, 0x00000007a0000000)
  object space 364032K, 81% used [0x0000000760000000,0x0000000772147e10,0x0000000776380000)
 Metaspace       used 102052K, capacity 108916K, committed 109336K, reserved 1144832K
  class space    used 12776K, capacity 13941K, committed 14120K, reserved 1048576K
Event: 13285.943 GC heap after
Heap after GC invocations=77 (full 8):
 PSYoungGen      total 411648K, used 43670K [0x00000007a0000000, 0x00000007c0000000, 0x00000007c0000000)
  eden space 315392K, 0% used [0x00000007a0000000,0x00000007a0000000,0x00000007b3400000)
  from space 96256K, 45% used [0x00000007b3400000,0x00000007b5ea58b0,0x00000007b9200000)
  to   space 94720K, 0% used [0x00000007ba380000,0x00000007ba380000,0x00000007c0000000)
 ParOldGen       total 364032K, used 314325K [0x0000000760000000, 0x0000000776380000, 0x00000007a0000000)
  object space 364032K, 86% used [0x0000000760000000,0x00000007732f55b8,0x0000000776380000)
 Metaspace       used 102052K, capacity 108916K, committed 109336K, reserved 1144832K
  class space    used 12776K, capacity 13941K, committed 14120K, reserved 1048576K
}
Event: 13285.943 GC heap before
{Heap before GC invocations=78 (full 9):
 PSYoungGen      total 411648K, used 43670K [0x00000007a0000000, 0x00000007c0000000, 0x00000007c0000000)
  eden space 315392K, 0% used [0x00000007a0000000,0x00000007a0000000,0x00000007b3400000)
  from space 96256K, 45% used [0x00000007b3400000,0x00000007b5ea58b0,0x00000007b9200000)
  to   space 94720K, 0% used [0x00000007ba380000,0x00000007ba380000,0x00000007c0000000)
 ParOldGen       total 364032K, used 314325K [0x0000000760000000, 0x0000000776380000, 0x00000007a0000000)
  object space 364032K, 86% used [0x0000000760000000,0x00000007732f55b8,0x0000000776380000)
 Metaspace       used 102052K, capacity 108916K, committed 109336K, reserved 1144832K
  class space    used 12776K, capacity 13941K, committed 14120K, reserved 1048576K
Event: 13287.608 GC heap after
Heap after GC invocations=78 (full 9):
 PSYoungGen      total 411648K, used 0K [0x00000007a0000000, 0x00000007c0000000, 0x00000007c0000000)
  eden space 315392K, 0% used [0x00000007a0000000,0x00000007a0000000,0x00000007b3400000)
  from space 96256K, 0% used [0x00000007b3400000,0x00000007b3400000,0x00000007b9200000)
  to   space 94720K, 0% used [0x00000007ba380000,0x00000007ba380000,0x00000007c0000000)
 ParOldGen       total 316416K, used 121104K [0x0000000760000000, 0x0000000773500000, 0x00000007a0000000)
  object space 316416K, 38% used [0x0000000760000000,0x00000007676441b8,0x0000000773500000)
 Metaspace       used 102052K, capacity 108916K, committed 109336K, reserved 1144832K
  class space    used 12776K, capacity 13941K, committed 14120K, reserved 1048576K
}
Event: 13288.452 GC heap before
{Heap before GC invocations=79 (full 9):
 PSYoungGen      total 411648K, used 315372K [0x00000007a0000000, 0x00000007c0000000, 0x00000007c0000000)
  eden space 315392K, 99% used [0x00000007a0000000,0x00000007b33fb150,0x00000007b3400000)
  from space 96256K, 0% used [0x00000007b3400000,0x00000007b3400000,0x00000007b9200000)
  to   space 94720K, 0% used [0x00000007ba380000,0x00000007ba380000,0x00000007c0000000)
 ParOldGen       total 316416K, used 121104K [0x0000000760000000, 0x0000000773500000, 0x00000007a0000000)
  object space 316416K, 38% used [0x0000000760000000,0x00000007676441b8,0x0000000773500000)
 Metaspace       used 102056K, capacity 108916K, committed 109336K, reserved 1144832K
  class space    used 12776K, capacity 13941K, committed 14120K, reserved 1048576K
Event: 13288.717 GC heap after
Heap after GC invocations=79 (full 9):
 PSYoungGen      total 417280K, used 64329K [0x00000007a0000000, 0x00000007c0000000, 0x00000007c0000000)
  eden space 322560K, 0% used [0x00000007a0000000,0x00000007a0000000,0x00000007b3b00000)
  from space 94720K, 67% used [0x00000007ba380000,0x00000007be2524a8,0x00000007c0000000)
  to   space 100864K, 0% used [0x00000007b3b00000,0x00000007b3b00000,0x00000007b9d80000)
 ParOldGen       total 316416K, used 121104K [0x0000000760000000, 0x0000000773500000, 0x00000007a0000000)
  object space 316416K, 38% used [0x0000000760000000,0x00000007676441b8,0x0000000773500000)
 Metaspace       used 102056K, capacity 108916K, committed 109336K, reserved 1144832K
  class space    used 12776K, capacity 13941K, committed 14120K, reserved 1048576K
}
Event: 13290.638 GC heap before
{Heap before GC invocations=80 (full 9):
 PSYoungGen      total 417280K, used 386889K [0x00000007a0000000, 0x00000007c0000000, 0x00000007c0000000)
  eden space 322560K, 100% used [0x00000007a0000000,0x00000007b3b00000,0x00000007b3b00000)
  from space 94720K, 67% used [0x00000007ba380000,0x00000007be2524a8,0x00000007c0000000)
  to   space 100864K, 0% used [0x00000007b3b00000,0x00000007b3b00000,0x00000007b9d80000)
 ParOldGen       total 316416K, used 121104K [0x0000000760000000, 0x0000000773500000, 0x00000007a0000000)
  object space 316416K, 38% used [0x0000000760000000,0x00000007676441b8,0x0000000773500000)
 Metaspace       used 102064K, capacity 108916K, committed 109336K, reserved 1144832K
  class space    used 12776K, capacity 13941K, committed 14120K, reserved 1048576K
Event: 13290.924 GC heap after
Heap after GC invocations=80 (full 9):
 PSYoungGen      total 423424K, used 42058K [0x00000007a0000000, 0x00000007bfe00000, 0x00000007c0000000)
  eden space 322560K, 0% used [0x00000007a0000000,0x00000007a0000000,0x00000007b3b00000)
  from space 100864K, 41% used [0x00000007b3b00000,0x00000007b6412a18,0x00000007b9d80000)
  to   space 96768K, 0% used [0x00000007b9f80000,0x00000007b9f80000,0x00000007bfe00000)
 ParOldGen       total 316416K, used 181202K [0x0000000760000000, 0x0000000773500000, 0x00000007a0000000)
  object space 316416K, 57% used [0x0000000760000000,0x000000076b0f4a28,0x0000000773500000)
 Metaspace       used 102064K, capacity 108916K, committed 109336K, reserved 1144832K
  class space    used 12776K, capacity 13941K, committed 14120K, reserved 1048576K
}

Deoptimization events (10 events):
Event: 13283.508 Thread 0x00007ffafc822800 Uncommon trap: reason=class_check action=maybe_recompile pc=0x000000010ce44648 method=com.sun.tools.javac.code.Scope.enter(Lcom/sun/tools/javac/code/Symbol;Lcom/sun/tools/javac/code/Scope;)V @ 5
Event: 13283.613 Thread 0x00007ffafc822800 Uncommon trap: reason=class_check action=maybe_recompile pc=0x0000000110333e54 method=com.sun.tools.javac.comp.Flow$FlowAnalyzer.visitClassDef(Lcom/sun/tools/javac/tree/JCTree$JCClassDecl;)V @ 412
Event: 13284.912 Thread 0x00007ffaf767b000 Uncommon trap: reason=class_check action=maybe_recompile pc=0x000000010c6f7ed0 method=com.android.tools.r8.graph.h.a(Ljava/util/function/Consumer;Lcom/android/tools/r8/graph/DexClass;)V @ 27
Event: 13284.915 Thread 0x00007ffaf767b000 Uncommon trap: reason=class_check action=maybe_recompile pc=0x000000010c6f7ed0 method=com.android.tools.r8.graph.h.a(Ljava/util/function/Consumer;Lcom/android/tools/r8/graph/DexClass;)V @ 27
Event: 13284.915 Thread 0x00007ffaf767b000 Uncommon trap: reason=class_check action=maybe_recompile pc=0x000000010c6f7ed0 method=com.android.tools.r8.graph.h.a(Ljava/util/function/Consumer;Lcom/android/tools/r8/graph/DexClass;)V @ 27
Event: 13284.915 Thread 0x00007ffaf767b000 Uncommon trap: reason=class_check action=maybe_recompile pc=0x000000010c6f7ed0 method=com.android.tools.r8.graph.h.a(Ljava/util/function/Consumer;Lcom/android/tools/r8/graph/DexClass;)V @ 27
Event: 13285.366 Thread 0x00007ffaf578a800 Uncommon trap: reason=class_check action=maybe_recompile pc=0x0000000110b43bcc method=com.android.tools.r8.ir.analysis.g.e.b(Lcom/android/tools/r8/ir/code/Instruction;)V @ 130
Event: 13285.367 Thread 0x00007ffaf578a800 Uncommon trap: reason=class_check action=maybe_recompile pc=0x0000000110b43bcc method=com.android.tools.r8.ir.analysis.g.e.b(Lcom/android/tools/r8/ir/code/Instruction;)V @ 130
Event: 13285.445 Thread 0x00007ffaf578a800 Uncommon trap: reason=class_check action=maybe_recompile pc=0x0000000110dcb3cc method=com.android.tools.r8.ir.regalloc.LinearScanRegisterAllocator.a(Lcom/android/tools/r8/utils/InternalOptions;Lcom/android/tools/r8/ir/code/IRCode;Ljava/util/Map;Ljava/util
Event: 13287.643 Thread 0x00007ffaf578a800 Uncommon trap: reason=null_check action=make_not_entrant pc=0x0000000110e1b070 method=com.android.tools.r8.m.a.a.b.j.b(Ljava/lang/Object;I)I @ 35

Classes redefined (0 events):
No events

Internal exceptions (10 events):
Event: 13288.740 Thread 0x00007ffaf578a800 Exception <a 'sun/nio/fs/UnixException'> (0x00000007a08f41f0) thrown at [/Volumes/Android/buildbot/src/googleplex-android/openjdk/out/hotspot/src/share/vm/prims/jni.cpp, line 710]
Event: 13288.742 Thread 0x00007ffaf578a800 Exception <a 'sun/nio/fs/UnixException'> (0x00000007a0b462c8) thrown at [/Volumes/Android/buildbot/src/googleplex-android/openjdk/out/hotspot/src/share/vm/prims/jni.cpp, line 710]
Event: 13288.742 Thread 0x00007ffaf578a800 Exception <a 'sun/nio/fs/UnixException'> (0x00000007a0b8bdf8) thrown at [/Volumes/Android/buildbot/src/googleplex-android/openjdk/out/hotspot/src/share/vm/prims/jni.cpp, line 710]
Event: 13289.128 Thread 0x00007ffaf9bdc800 Exception <a 'sun/nio/fs/UnixException'> (0x00000007a6276980) thrown at [/Volumes/Android/buildbot/src/googleplex-android/openjdk/out/hotspot/src/share/vm/prims/jni.cpp, line 710]
Event: 13290.183 Thread 0x00007ffaf57cb000 Exception <a 'sun/nio/fs/UnixException'> (0x00000007ae595dc8) thrown at [/Volumes/Android/buildbot/src/googleplex-android/openjdk/out/hotspot/src/share/vm/prims/jni.cpp, line 710]
Event: 13291.290 Thread 0x00007ffafef6a800 Exception <a 'sun/nio/fs/UnixException'> (0x00000007a4db6a60) thrown at [/Volumes/Android/buildbot/src/googleplex-android/openjdk/out/hotspot/src/share/vm/prims/jni.cpp, line 710]
Event: 13291.856 Thread 0x00007ffaf3a71000 Exception <a 'java/io/FileNotFoundException'> (0x00000007a54689d0) thrown at [/Volumes/Android/buildbot/src/googleplex-android/openjdk/out/hotspot/src/share/vm/prims/jni.cpp, line 710]
Event: 13293.261 Thread 0x00007ffaf3a71000 Exception <a 'sun/nio/fs/UnixException'> (0x00000007a54efa28) thrown at [/Volumes/Android/buildbot/src/googleplex-android/openjdk/out/hotspot/src/share/vm/prims/jni.cpp, line 710]
Event: 13293.611 Thread 0x00007ffaf3a71000 Exception <a 'sun/nio/fs/UnixException'> (0x00000007a56a4280) thrown at [/Volumes/Android/buildbot/src/googleplex-android/openjdk/out/hotspot/src/share/vm/prims/jni.cpp, line 710]
Event: 13293.991 Thread 0x00007ffaf3a71000 Exception <a 'sun/nio/fs/UnixException'> (0x00000007a56d1cc8) thrown at [/Volumes/Android/buildbot/src/googleplex-android/openjdk/out/hotspot/src/share/vm/prims/jni.cpp, line 710]

Events (10 events):
Event: 13419.092 Thread 0x00007ffaf5031000 flushing nmethod 0x000000010e46cc50
Event: 13419.092 Thread 0x00007ffaf5031000 flushing nmethod 0x000000010e46d590
Event: 13421.538 Thread 0x00007ffafec03800 DEOPT PACKING pc=0x000000010e88b03c sp=0x0000700008846940
Event: 13421.591 Thread 0x00007ffafec03800 DEOPT UNPACKING pc=0x000000010b8694c4 sp=0x0000700008846868 mode 0
Event: 13422.654 Thread 0x00007ffaf5031000 flushing nmethod 0x000000010eab3190
Event: 13422.654 Thread 0x00007ffaf5031000 flushing nmethod 0x000000010eab6610
Event: 13422.654 Thread 0x00007ffaf5031000 flushing nmethod 0x000000010eab6bd0
Event: 13422.655 Thread 0x00007ffaf5031000 flushing nmethod 0x000000010eab7290
Event: 13422.655 Thread 0x00007ffaf5031000 flushing nmethod 0x000000010eab75d0
Event: 13422.655 Thread 0x00007ffaf5031000 flushing nmethod 0x000000010eb09090


Dynamic libraries:
0x00007fff31b60000 	/System/Library/Frameworks/Cocoa.framework/Versions/A/Cocoa
0x00007fff3dde0000 	/System/Library/Frameworks/Security.framework/Versions/A/Security
0x00007fff3076a000 	/System/Library/Frameworks/ApplicationServices.framework/Versions/A/ApplicationServices
0x00007fff5f253000 	/usr/lib/libz.1.dylib
0x00007fff5c8c9000 	/usr/lib/libSystem.B.dylib
0x00007fff32382000 	/System/Library/Frameworks/CoreFoundation.framework/Versions/A/CoreFoundation
0x00007fff34701000 	/System/Library/Frameworks/Foundation.framework/Versions/C/Foundation
0x00007fff5e370000 	/usr/lib/libobjc.A.dylib
0x00007fff2f8f9000 	/System/Library/Frameworks/AppKit.framework/Versions/C/AppKit
0x00007fff31ef7000 	/System/Library/Frameworks/CoreData.framework/Versions/A/CoreData
0x00007fff55abb000 	/System/Library/PrivateFrameworks/RemoteViewServices.framework/Versions/A/RemoteViewServices
0x00007fff5a5a4000 	/System/Library/PrivateFrameworks/UIFoundation.framework/Versions/A/UIFoundation
0x00007fff5bd50000 	/System/Library/PrivateFrameworks/XCTTargetBootstrap.framework/Versions/A/XCTTargetBootstrap
0x00007fff50618000 	/System/Library/PrivateFrameworks/IconServices.framework/Versions/A/IconServices
0x00007fff36fa6000 	/System/Library/Frameworks/Metal.framework/Versions/A/Metal
0x00007fff478aa000 	/System/Library/PrivateFrameworks/DesktopServicesPriv.framework/Versions/A/DesktopServicesPriv
0x00007fff5d684000 	/usr/lib/libenergytrace.dylib
0x00007fff5831d000 	/System/Library/PrivateFrameworks/SkyLight.framework/Versions/A/SkyLight
0x00007fff327d3000 	/System/Library/Frameworks/CoreGraphics.framework/Versions/A/CoreGraphics
0x00007fff2e6b4000 	/System/Library/Frameworks/Accelerate.framework/Versions/A/Accelerate
0x00007fff34e87000 	/System/Library/Frameworks/IOSurface.framework/Versions/A/IOSurface
0x00007fff4770c000 	/System/Library/PrivateFrameworks/DFRFoundation.framework/Versions/A/DFRFoundation
0x00007fff30c6f000 	/System/Library/Frameworks/AudioToolbox.framework/Versions/A/AudioToolbox
0x00007fff30f0d000 	/System/Library/Frameworks/AudioUnit.framework/Versions/A/AudioUnit
0x00007fff477a3000 	/System/Library/PrivateFrameworks/DataDetectorsCore.framework/Versions/A/DataDetectorsCore
0x00007fff3164c000 	/System/Library/Frameworks/Carbon.framework/Versions/A/Frameworks/HIToolbox.framework/Versions/A/HIToolbox
0x00007fff5d7df000 	/usr/lib/libicucore.A.dylib
0x00007fff3d33c000 	/System/Library/Frameworks/QuartzCore.framework/Versions/A/QuartzCore
0x00007fff31a33000 	/System/Library/Frameworks/Carbon.framework/Versions/A/Frameworks/SpeechRecognition.framework/Versions/A/SpeechRecognition
0x00007fff5ca2c000 	/usr/lib/libauto.dylib
0x00007fff5f146000 	/usr/lib/libxml2.2.dylib
0x00007fff47311000 	/System/Library/PrivateFrameworks/CoreUI.framework/Versions/A/CoreUI
0x00007fff31dd5000 	/System/Library/Frameworks/CoreAudio.framework/Versions/A/CoreAudio
0x00007fff34533000 	/System/Library/Frameworks/DiskArbitration.framework/Versions/A/DiskArbitration
0x00007fff5da8f000 	/usr/lib/liblangid.dylib
0x00007fff51ac4000 	/System/Library/PrivateFrameworks/MultitouchSupport.framework/Versions/A/MultitouchSupport
0x00007fff34df4000 	/System/Library/Frameworks/IOKit.framework/Versions/A/IOKit
0x00007fff5c517000 	/usr/lib/libDiagnosticMessagesClient.dylib
0x00007fff3363e000 	/System/Library/Frameworks/CoreServices.framework/Versions/A/CoreServices
0x00007fff537ee000 	/System/Library/PrivateFrameworks/PerformanceAnalysis.framework/Versions/A/PerformanceAnalysis
0x00007fff3c4d1000 	/System/Library/Frameworks/OpenGL.framework/Versions/A/OpenGL
0x00007fff31b6e000 	/System/Library/Frameworks/ColorSync.framework/Versions/A/ColorSync
0x00007fff32e62000 	/System/Library/Frameworks/CoreImage.framework/Versions/A/CoreImage
0x00007fff3407c000 	/System/Library/Frameworks/CoreText.framework/Versions/A/CoreText
0x00007fff34ee8000 	/System/Library/Frameworks/ImageIO.framework/Versions/A/ImageIO
0x00007fff43987000 	/System/Library/PrivateFrameworks/Backup.framework/Versions/A/Backup
0x00007fff5c97f000 	/usr/lib/libarchive.2.dylib
0x00007fff31271000 	/System/Library/Frameworks/CFNetwork.framework/Versions/A/CFNetwork
0x00007fff3e589000 	/System/Library/Frameworks/SystemConfiguration.framework/Versions/A/SystemConfiguration
0x00007fff5c440000 	/usr/lib/libCRFSuite.dylib
0x00007fff5cb24000 	/usr/lib/libc++.1.dylib
0x00007fff5cb7c000 	/usr/lib/libc++abi.dylib
0x00007fff5f2d6000 	/usr/lib/system/libcache.dylib
0x00007fff5f2db000 	/usr/lib/system/libcommonCrypto.dylib
0x00007fff5f2e6000 	/usr/lib/system/libcompiler_rt.dylib
0x00007fff5f2ee000 	/usr/lib/system/libcopyfile.dylib
0x00007fff5f2f8000 	/usr/lib/system/libcorecrypto.dylib
0x00007fff5f402000 	/usr/lib/system/libdispatch.dylib
0x00007fff5f43d000 	/usr/lib/system/libdyld.dylib
0x00007fff5f46d000 	/usr/lib/system/libkeymgr.dylib
0x00007fff5f47b000 	/usr/lib/system/liblaunch.dylib
0x00007fff5f47c000 	/usr/lib/system/libmacho.dylib
0x00007fff5f482000 	/usr/lib/system/libquarantine.dylib
0x00007fff5f485000 	/usr/lib/system/libremovefile.dylib
0x00007fff5f487000 	/usr/lib/system/libsystem_asl.dylib
0x00007fff5f49f000 	/usr/lib/system/libsystem_blocks.dylib
0x00007fff5f4a0000 	/usr/lib/system/libsystem_c.dylib
0x00007fff5f529000 	/usr/lib/system/libsystem_configuration.dylib
0x00007fff5f52d000 	/usr/lib/system/libsystem_coreservices.dylib
0x00007fff5f531000 	/usr/lib/system/libsystem_darwin.dylib
0x00007fff5f538000 	/usr/lib/system/libsystem_dnssd.dylib
0x00007fff5f53f000 	/usr/lib/system/libsystem_info.dylib
0x00007fff5f5b4000 	/usr/lib/system/libsystem_m.dylib
0x00007fff5f600000 	/usr/lib/system/libsystem_malloc.dylib
0x00007fff5f625000 	/usr/lib/system/libsystem_networkextension.dylib
0x00007fff5f631000 	/usr/lib/system/libsystem_notify.dylib
0x00007fff5f64e000 	/usr/lib/system/libsystem_sandbox.dylib
0x00007fff5f652000 	/usr/lib/system/libsystem_secinit.dylib
0x00007fff5f58c000 	/usr/lib/system/libsystem_kernel.dylib
0x00007fff5f639000 	/usr/lib/system/libsystem_platform.dylib
0x00007fff5f643000 	/usr/lib/system/libsystem_pthread.dylib
0x00007fff5f655000 	/usr/lib/system/libsystem_symptoms.dylib
0x00007fff5f65d000 	/usr/lib/system/libsystem_trace.dylib
0x00007fff5f674000 	/usr/lib/system/libunwind.dylib
0x00007fff5f67a000 	/usr/lib/system/libxpc.dylib
0x00007fff5cb04000 	/usr/lib/libbsm.0.dylib
0x00007fff5f46e000 	/usr/lib/system/libkxld.dylib
0x00007fff42c43000 	/System/Library/PrivateFrameworks/AppleFSCompression.framework/Versions/A/AppleFSCompression
0x00007fff5c788000 	/usr/lib/libOpenScriptingUtil.dylib
0x00007fff5ce67000 	/usr/lib/libcoretls.dylib
0x00007fff5ce7e000 	/usr/lib/libcoretls_cfhelpers.dylib
0x00007fff5eb09000 	/usr/lib/libpam.2.dylib
0x00007fff5eccc000 	/usr/lib/libsqlite3.dylib
0x00007fff5f134000 	/usr/lib/libxar.1.dylib
0x00007fff5cb15000 	/usr/lib/libbz2.1.0.dylib
0x00007fff5da91000 	/usr/lib/liblzma.5.dylib
0x00007fff5df87000 	/usr/lib/libnetwork.dylib
0x00007fff5c968000 	/usr/lib/libapple_nghttp2.dylib
0x00007fff5eb10000 	/usr/lib/libpcap.A.dylib
0x00007fff339e2000 	/System/Library/Frameworks/CoreServices.framework/Versions/A/Frameworks/FSEvents.framework/Versions/A/FSEvents
0x00007fff336be000 	/System/Library/Frameworks/CoreServices.framework/Versions/A/Frameworks/CarbonCore.framework/Versions/A/CarbonCore
0x00007fff33bb7000 	/System/Library/Frameworks/CoreServices.framework/Versions/A/Frameworks/Metadata.framework/Versions/A/Metadata
0x00007fff33c5a000 	/System/Library/Frameworks/CoreServices.framework/Versions/A/Frameworks/OSServices.framework/Versions/A/OSServices
0x00007fff33ca6000 	/System/Library/Frameworks/CoreServices.framework/Versions/A/Frameworks/SearchKit.framework/Versions/A/SearchKit
0x00007fff3363f000 	/System/Library/Frameworks/CoreServices.framework/Versions/A/Frameworks/AE.framework/Versions/A/AE
0x00007fff339eb000 	/System/Library/Frameworks/CoreServices.framework/Versions/A/Frameworks/LaunchServices.framework/Versions/A/LaunchServices
0x00007fff33997000 	/System/Library/Frameworks/CoreServices.framework/Versions/A/Frameworks/DictionaryServices.framework/Versions/A/DictionaryServices
0x00007fff33d15000 	/System/Library/Frameworks/CoreServices.framework/Versions/A/Frameworks/SharedFileList.framework/Versions/A/SharedFileList
0x00007fff38461000 	/System/Library/Frameworks/NetFS.framework/Versions/A/NetFS
0x00007fff51d60000 	/System/Library/PrivateFrameworks/NetAuth.framework/Versions/A/NetAuth
0x00007fff5c184000 	/System/Library/PrivateFrameworks/login.framework/Versions/A/Frameworks/loginsupport.framework/Versions/A/loginsupport
0x00007fff5a1a0000 	/System/Library/PrivateFrameworks/TCC.framework/Versions/A/TCC
0x00007fff46939000 	/System/Library/PrivateFrameworks/CoreNLP.framework/Versions/A/CoreNLP
0x00007fff517b4000 	/System/Library/PrivateFrameworks/MetadataUtilities.framework/Versions/A/MetadataUtilities
0x00007fff5db72000 	/usr/lib/libmecabra.dylib
0x00007fff3076b000 	/System/Library/Frameworks/ApplicationServices.framework/Versions/A/Frameworks/ATS.framework/Versions/A/ATS
0x00007fff30ad6000 	/System/Library/Frameworks/ApplicationServices.framework/Versions/A/Frameworks/ColorSyncLegacy.framework/Versions/A/ColorSyncLegacy
0x00007fff30b77000 	/System/Library/Frameworks/ApplicationServices.framework/Versions/A/Frameworks/HIServices.framework/Versions/A/HIServices
0x00007fff30bca000 	/System/Library/Frameworks/ApplicationServices.framework/Versions/A/Frameworks/LangAnalysis.framework/Versions/A/LangAnalysis
0x00007fff30bd9000 	/System/Library/Frameworks/ApplicationServices.framework/Versions/A/Frameworks/PrintCore.framework/Versions/A/PrintCore
0x00007fff30c26000 	/System/Library/Frameworks/ApplicationServices.framework/Versions/A/Frameworks/QD.framework/Versions/A/QD
0x00007fff30c62000 	/System/Library/Frameworks/ApplicationServices.framework/Versions/A/Frameworks/SpeechSynthesis.framework/Versions/A/SpeechSynthesis
0x00007fff5cba4000 	/usr/lib/libcompression.dylib
0x00007fff32298000 	/System/Library/Frameworks/CoreDisplay.framework/Versions/A/CoreDisplay
0x00007fff37262000 	/System/Library/Frameworks/MetalPerformanceShaders.framework/Versions/A/MetalPerformanceShaders
0x00007fff2e6cc000 	/System/Library/Frameworks/Accelerate.framework/Versions/A/Frameworks/vImage.framework/Versions/A/vImage
0x00007fff2f748000 	/System/Library/Frameworks/Accelerate.framework/Versions/A/Frameworks/vecLib.framework/Versions/A/vecLib
0x00007fff2f692000 	/System/Library/Frameworks/Accelerate.framework/Versions/A/Frameworks/vecLib.framework/Versions/A/libvMisc.dylib
0x00007fff2f4ad000 	/System/Library/Frameworks/Accelerate.framework/Versions/A/Frameworks/vecLib.framework/Versions/A/libvDSP.dylib
0x00007fff2ed6d000 	/System/Library/Frameworks/Accelerate.framework/Versions/A/Frameworks/vecLib.framework/Versions/A/libBLAS.dylib
0x00007fff2f058000 	/System/Library/Frameworks/Accelerate.framework/Versions/A/Frameworks/vecLib.framework/Versions/A/libLAPACK.dylib
0x00007fff2f3ff000 	/System/Library/Frameworks/Accelerate.framework/Versions/A/Frameworks/vecLib.framework/Versions/A/libLinearAlgebra.dylib
0x00007fff2f499000 	/System/Library/Frameworks/Accelerate.framework/Versions/A/Frameworks/vecLib.framework/Versions/A/libSparseBLAS.dylib
0x00007fff2f415000 	/System/Library/Frameworks/Accelerate.framework/Versions/A/Frameworks/vecLib.framework/Versions/A/libQuadrature.dylib
0x00007fff2efe5000 	/System/Library/Frameworks/Accelerate.framework/Versions/A/Frameworks/vecLib.framework/Versions/A/libBNNS.dylib
0x00007fff2f41b000 	/System/Library/Frameworks/Accelerate.framework/Versions/A/Frameworks/vecLib.framework/Versions/A/libSparse.dylib
0x00007fff4de37000 	/System/Library/PrivateFrameworks/GPUWrangler.framework/Versions/A/GPUWrangler
0x00007fff501e1000 	/System/Library/PrivateFrameworks/IOAccelerator.framework/Versions/A/IOAccelerator
0x00007fff501ec000 	/System/Library/PrivateFrameworks/IOPresentment.framework/Versions/A/IOPresentment
0x00007fff4771c000 	/System/Library/PrivateFrameworks/DSExternalDisplay.framework/Versions/A/DSExternalDisplay
0x00007fff3b916000 	/System/Library/Frameworks/OpenGL.framework/Versions/A/Libraries/libCoreFSCache.dylib
0x00007fff37056000 	/System/Library/Frameworks/MetalPerformanceShaders.framework/Frameworks/MPSCore.framework/Versions/A/MPSCore
0x00007fff37077000 	/System/Library/Frameworks/MetalPerformanceShaders.framework/Frameworks/MPSImage.framework/Versions/A/MPSImage
0x00007fff3711e000 	/System/Library/Frameworks/MetalPerformanceShaders.framework/Frameworks/MPSNeuralNetwork.framework/Versions/A/MPSNeuralNetwork
0x00007fff370f5000 	/System/Library/Frameworks/MetalPerformanceShaders.framework/Frameworks/MPSMatrix.framework/Versions/A/MPSMatrix
0x00007fff37246000 	/System/Library/Frameworks/MetalPerformanceShaders.framework/Frameworks/MPSRayIntersector.framework/Versions/A/MPSRayIntersector
0x00007fff517dd000 	/System/Library/PrivateFrameworks/MetalTools.framework/Versions/A/MetalTools
0x00007fff4233f000 	/System/Library/PrivateFrameworks/AggregateDictionary.framework/Versions/A/AggregateDictionary
0x00007fff5c768000 	/usr/lib/libMobileGestalt.dylib
0x00007fff341e2000 	/System/Library/Frameworks/CoreVideo.framework/Versions/A/CoreVideo
0x00007fff4ec9b000 	/System/Library/PrivateFrameworks/GraphVisualizer.framework/Versions/A/GraphVisualizer
0x00007fff48a47000 	/System/Library/PrivateFrameworks/FaceCore.framework/Versions/A/FaceCore
0x00007fff3af2d000 	/System/Library/Frameworks/OpenCL.framework/Versions/A/OpenCL
0x00007fff5c54f000 	/usr/lib/libFosl_dynamic.dylib
0x00007fff52635000 	/System/Library/PrivateFrameworks/OTSVG.framework/Versions/A/OTSVG
0x00007fff3086f000 	/System/Library/Frameworks/ApplicationServices.framework/Versions/A/Frameworks/ATS.framework/Versions/A/Resources/libFontParser.dylib
0x00007fff3098f000 	/System/Library/Frameworks/ApplicationServices.framework/Versions/A/Frameworks/ATS.framework/Versions/A/Resources/libFontRegistry.dylib
0x00007fff35168000 	/System/Library/Frameworks/ImageIO.framework/Versions/A/Resources/libJPEG.dylib
0x00007fff3548a000 	/System/Library/Frameworks/ImageIO.framework/Versions/A/Resources/libTIFF.dylib
0x00007fff35460000 	/System/Library/Frameworks/ImageIO.framework/Versions/A/Resources/libPng.dylib
0x00007fff3507d000 	/System/Library/Frameworks/ImageIO.framework/Versions/A/Resources/libGIF.dylib
0x00007fff35082000 	/System/Library/Frameworks/ImageIO.framework/Versions/A/Resources/libJP2.dylib
0x00007fff35487000 	/System/Library/Frameworks/ImageIO.framework/Versions/A/Resources/libRadiance.dylib
0x00007fff42d9c000 	/System/Library/PrivateFrameworks/AppleJPEG.framework/Versions/A/AppleJPEG
0x00007fff3b921000 	/System/Library/Frameworks/OpenGL.framework/Versions/A/Libraries/libGFXShared.dylib
0x00007fff3bae4000 	/System/Library/Frameworks/OpenGL.framework/Versions/A/Libraries/libGLU.dylib
0x00007fff3b92a000 	/System/Library/Frameworks/OpenGL.framework/Versions/A/Libraries/libGL.dylib
0x00007fff3b936000 	/System/Library/Frameworks/OpenGL.framework/Versions/A/Libraries/libGLImage.dylib
0x00007fff3b913000 	/System/Library/Frameworks/OpenGL.framework/Versions/A/Libraries/libCVMSPluginSupport.dylib
0x00007fff3b91c000 	/System/Library/Frameworks/OpenGL.framework/Versions/A/Libraries/libCoreVMClient.dylib
0x00007fff5d4f6000 	/usr/lib/libcups.2.dylib
0x00007fff3656e000 	/System/Library/Frameworks/Kerberos.framework/Versions/A/Kerberos
0x00007fff34b40000 	/System/Library/Frameworks/GSS.framework/Versions/A/GSS
0x00007fff5ec60000 	/usr/lib/libresolv.9.dylib
0x00007fff5d6ed000 	/usr/lib/libiconv.2.dylib
0x00007fff4ed91000 	/System/Library/PrivateFrameworks/Heimdal.framework/Versions/A/Heimdal
0x00007fff5d6bc000 	/usr/lib/libheimdal-asn1.dylib
0x00007fff3afa4000 	/System/Library/Frameworks/OpenDirectory.framework/Versions/A/OpenDirectory
0x00007fff4564a000 	/System/Library/PrivateFrameworks/CommonAuth.framework/Versions/A/CommonAuth
0x00007fff3af87000 	/System/Library/Frameworks/OpenDirectory.framework/Versions/A/Frameworks/CFOpenDirectory.framework/Versions/A/CFOpenDirectory
0x00007fff3e107000 	/System/Library/Frameworks/SecurityFoundation.framework/Versions/A/SecurityFoundation
0x00007fff4185e000 	/System/Library/PrivateFrameworks/APFS.framework/Versions/A/APFS
0x00007fff5f130000 	/usr/lib/libutil.dylib
0x00007fff5cb92000 	/usr/lib/libcharset.1.dylib
0x00007fff43035000 	/System/Library/PrivateFrameworks/AppleSauce.framework/Versions/A/AppleSauce
0x00007fff431c3000 	/System/Library/PrivateFrameworks/AssertionServices.framework/Versions/A/AssertionServices
0x00007fff43a2a000 	/System/Library/PrivateFrameworks/BaseBoard.framework/Versions/A/BaseBoard
0x00007fff5dac1000 	/usr/lib/libmecab.1.0.0.dylib
0x00007fff5d6b6000 	/usr/lib/libgermantok.dylib
0x00007fff5c954000 	/usr/lib/libThaiTokenizer.dylib
0x00007fff5c47b000 	/usr/lib/libChineseTokenizer.dylib
0x00007fff50914000 	/System/Library/PrivateFrameworks/LanguageModeling.framework/Versions/A/LanguageModeling
0x00007fff46350000 	/System/Library/PrivateFrameworks/CoreEmoji.framework/Versions/A/CoreEmoji
0x00007fff50a0c000 	/System/Library/PrivateFrameworks/Lexicon.framework/Versions/A/Lexicon
0x00007fff50a54000 	/System/Library/PrivateFrameworks/LinguisticData.framework/Versions/A/LinguisticData
0x00007fff5cb93000 	/usr/lib/libcmph.dylib
0x00007fff3e1c8000 	/System/Library/Frameworks/ServiceManagement.framework/Versions/A/ServiceManagement
0x00007fff4397d000 	/System/Library/PrivateFrameworks/BackgroundTaskManagement.framework/Versions/A/BackgroundTaskManagement
0x00007fff5f22a000 	/usr/lib/libxslt.1.dylib
0x00007fff3195e000 	/System/Library/Frameworks/Carbon.framework/Versions/A/Frameworks/Ink.framework/Versions/A/Ink
0x00007fff5a41c000 	/System/Library/PrivateFrameworks/TextureIO.framework/Versions/A/TextureIO
0x00007fff5c9a9000 	/usr/lib/libate.dylib
0x00007fff47678000 	/System/Library/PrivateFrameworks/CrashReporterSupport.framework/Versions/A/CrashReporterSupport
0x00007fff5744c000 	/System/Library/PrivateFrameworks/Sharing.framework/Versions/A/Sharing
0x00007fff43509000 	/System/Library/PrivateFrameworks/AuthKit.framework/Versions/A/AuthKit
0x00007fff4293b000 	/System/Library/PrivateFrameworks/Apple80211.framework/Versions/A/Apple80211
0x00007fff4743e000 	/System/Library/PrivateFrameworks/CoreUtils.framework/Versions/A/CoreUtils
0x00007fff34220000 	/System/Library/Frameworks/CoreWLAN.framework/Versions/A/CoreWLAN
0x00007fff34c89000 	/System/Library/Frameworks/IOBluetooth.framework/Versions/A/IOBluetooth
0x00007fff557b6000 	/System/Library/PrivateFrameworks/ProtocolBuffer.framework/Versions/A/ProtocolBuffer
0x00007fff51a1b000 	/System/Library/PrivateFrameworks/MobileKeyBag.framework/Versions/A/MobileKeyBag
0x00007fff46c66000 	/System/Library/PrivateFrameworks/CorePhoneNumbers.framework/Versions/A/CorePhoneNumbers
0x00007fff42d50000 	/System/Library/PrivateFrameworks/AppleIDAuthSupport.framework/Versions/A/AppleIDAuthSupport
0x00007fff508e6000 	/System/Library/PrivateFrameworks/KeychainCircle.framework/Versions/A/KeychainCircle
0x00007fff55983000 	/System/Library/PrivateFrameworks/ROCKit.framework/Versions/A/ROCKit
0x00007fff47614000 	/System/Library/PrivateFrameworks/CoreWiFi.framework/Versions/A/CoreWiFi
0x00007fff31ecb000 	/System/Library/Frameworks/CoreBluetooth.framework/Versions/A/CoreBluetooth
0x00007fff47868000 	/System/Library/PrivateFrameworks/DebugSymbols.framework/Versions/A/DebugSymbols
0x00007fff471f3000 	/System/Library/PrivateFrameworks/CoreSymbolication.framework/Versions/A/CoreSymbolication
0x00007fff59c0a000 	/System/Library/PrivateFrameworks/Symbolication.framework/Versions/A/Symbolication
0x00007fff58d9c000 	/System/Library/PrivateFrameworks/SpeechRecognitionCore.framework/Versions/A/SpeechRecognitionCore
0x0000000102e00000 	/Applications/Android Studio.app/Contents/jre/jdk/Contents/Home/jre/lib/server/libjvm.dylib
0x00007fff5eff4000 	/usr/lib/libstdc++.6.dylib
0x00000001024b2000 	/Applications/Android Studio.app/Contents/jre/jdk/Contents/Home/jre/lib/libverify.dylib
0x00000001024bf000 	/Applications/Android Studio.app/Contents/jre/jdk/Contents/Home/jre/lib/libjava.dylib
0x000000010254e000 	/Applications/Android Studio.app/Contents/jre/jdk/Contents/Home/jre/lib/libzip.dylib
0x0000000109948000 	/Applications/Android Studio.app/Contents/jre/jdk/Contents/Home/jre/lib/libnet.dylib
0x00000001099f0000 	/Applications/Android Studio.app/Contents/jre/jdk/Contents/Home/jre/lib/libnio.dylib
0x00000001094c2000 	/Users/avniahuja/.gradle/native/29/osx-amd64/libnative-platform.dylib
0x0000000109f21000 	/Applications/Android Studio.app/Contents/jre/jdk/Contents/Home/jre/lib/libmanagement.dylib
0x0000000109909000 	/Applications/Android Studio.app/Contents/jre/jdk/Contents/Home/jre/lib/libsunec.dylib

VM Arguments:
jvm_args: -Xmx1536m -Dfile.encoding=UTF-8 -Duser.country=US -Duser.language=en -Duser.variant 
java_command: org.gradle.launcher.daemon.bootstrap.GradleDaemon 5.4.1
java_class_path (initial): /Users/avniahuja/.gradle/wrapper/dists/gradle-5.4.1-all/3221gyojl5jsh0helicew7rwx/gradle-5.4.1/lib/gradle-launcher-5.4.1.jar
Launcher Type: SUN_STANDARD

Environment Variables:
PATH=/usr/bin:/bin:/usr/sbin:/sbin
SHELL=/usr/local/bin/fish

Signal Handlers:
SIGSEGV: [libjvm.dylib+0x55bff5], sa_mask[0]=11111111011111110111111111111111, sa_flags=SA_ONSTACK|SA_RESTART|SA_SIGINFO
SIGBUS: [libjvm.dylib+0x55bff5], sa_mask[0]=11111111011111110111111111111111, sa_flags=SA_RESTART|SA_SIGINFO
SIGFPE: [libjvm.dylib+0x453a89], sa_mask[0]=11111111011111110111111111111111, sa_flags=SA_RESTART|SA_SIGINFO
SIGPIPE: [libjvm.dylib+0x453a89], sa_mask[0]=11111111011111110111111111111111, sa_flags=SA_RESTART|SA_SIGINFO
SIGXFSZ: [libjvm.dylib+0x453a89], sa_mask[0]=11111111011111110111111111111111, sa_flags=SA_RESTART|SA_SIGINFO
SIGILL: [libjvm.dylib+0x453a89], sa_mask[0]=11111111011111110111111111111111, sa_flags=SA_RESTART|SA_SIGINFO
SIGUSR1: SIG_DFL, sa_mask[0]=00000000000000000000000000000000, sa_flags=none
SIGUSR2: [libjvm.dylib+0x454390], sa_mask[0]=00100000000000000000000000000000, sa_flags=SA_RESTART|SA_SIGINFO
SIGHUP: [libjvm.dylib+0x4525a3], sa_mask[0]=11111111011111110111111111111111, sa_flags=SA_RESTART|SA_SIGINFO
SIGINT: [libjvm.dylib+0x4525a3], sa_mask[0]=11111111011111110111111111111111, sa_flags=SA_RESTART|SA_SIGINFO
SIGTERM: [libjvm.dylib+0x4525a3], sa_mask[0]=11111111011111110111111111111111, sa_flags=SA_RESTART|SA_SIGINFO
SIGQUIT: [libjvm.dylib+0x4525a3], sa_mask[0]=11111111011111110111111111111111, sa_flags=SA_RESTART|SA_SIGINFO


---------------  S Y S T E M  ---------------

OS:Bsduname:Darwin 18.0.0 Darwin Kernel Version 18.0.0: Wed Aug 22 20:13:40 PDT 2018; root:xnu-4903.201.2~1/RELEASE_X86_64 x86_64
rlimit: STACK 8192k, CORE 0k, NPROC 709, NOFILE 10240, AS infinity
load average:9.24 6.27 5.07

CPU:total 4 (initial active 4) (2 cores per cpu, 2 threads per core) family 6 model 142 stepping 9, cmov, cx8, fxsr, mmx, sse, sse2, sse3, ssse3, sse4.1, sse4.2, popcnt, avx, avx2, aes, clmul, erms, rtm, 3dnowpref, lzcnt, ht, tsc, tscinvbit, bmi1, bmi2, adx

Memory: 4k page, physical 8388608k(807756k free)

/proc/meminfo:


vm_info: OpenJDK 64-Bit Server VM (25.202-b49-5587405) for bsd-amd64 JRE (1.8.0_202-release-1483-b49-5587405), built by "android-build" with gcc 4.2.1 Compatible Android (5058415 based on r339409) Clang 8.0.2 (https://android.googlesource.com/toolchain/clang 40173bab62ec746213857d083c0e8b0abb568790) (https://android.googlesource.com/toolchain/llvm 7a6618d69e7e8111e1d49dc9e7813767c5ca756a)

time: Tue Apr 28 21:59:01 2020
timezone: EDT
elapsed time: 13423 seconds (0d 3h 43m 43s)

